<?xml version="1.0" encoding="UTF-8"?>
<!-- Generated by org.testng.reporters.JUnitReportReporter -->
<testsuite hostname="ThivakarDeivendran" failures="0" tests="2" name="testPackage.FitpeoTest" time="14.624" errors="0" timestamp="2024-03-06T00:26:15 IST" skipped="0">
  <testcase classname="testPackage.FitpeoTest" name="launchBrowserMethod" time="5.392"/>
  <system-out/>
  <testcase classname="testPackage.FitpeoTest" name="UserLoginTitleMethod" time="9.232"/>
  <system-out/>
</testsuite> <!-- testPackage.FitpeoTest -->
